14297318905258576200
14303028123272758776
14311067508622508764
14332746585157542954
14268561286044709231
14298188070553624463
14297501309176509063
14333243546630371927
14348758697589413299
14334410236617655671
14311238942015715320
14315963033331815869
14283940802351128670
14355333948124640612
14338864444736897484
14299621040029314876
14289908152197315151
14282993016570287640
14324256197826740372
14323795320407382458
14320913101690236624
14285176600115070658
14303253332629713277
14297030654447461288
14299252263048109172
14326756938073235672
14293835488523396524
14328603337848541968
14345890268748938401
14307432567170769923
14321966111236120503
14336966249758793741
14322132721612185767
14315761549459472841
14335097826223854249
14308114248529971880
14326183136338179312
14317230445976894841
14315694524233429776
14298444717846658433
14302518609714059458
14305972130386808055
14308794658402925357
14313138613960800526
14299040905753057248
14326001402437542575
14272822635353354700
14306323247497063433
14278744690618723386
14319131440170994665
14335713799824271159
14306451414759693786
14299993637663766005
14304103801498569147
14314611276403897017
14280111280068689848
14295656457003292127
14298072024784960095
14292953256690595269
14323519502356775853
14344016429109294203
14357777146835289095
14345680865550662058
14352439765121640514
14314943646855156753
14323969181806123521
14330203557005539887
14340562841553909518
14302005106568969872
14339349200296004179
14293237564569581606
14338263418503395058
14347400379471446355
14322218155677331710
14304497699056758807
14308310064602734316
14330472136902465211
